/.gitignore
/.gitadd.lst
/etc/README.md
/etc/environment
/etc/timezone
/etc/skel/
/etc/snmp/snmp.conf
/etc/securetty
/etc/security
/etc/ethers
/etc/logrotate.conf
/etc/logwatch.conf
/etc/modules
/etc/crontab
/etc/cron.d/
/etc/hostname
/etc/hosts
/etc/host.conf
/etc/hosts.allow
/etc/hosts.deny
/etc/sudoers
/etc/sudoers.d/
/etc/ntp.conf
/etc/init.d/iptables.sh
/etc/default/
/etc/environment
/etc/profile 
/etc/bash.bashrc
/etc/rc.local
/etc/ufw/
/etc/ssh/sshd_config
/etc/fail2ban/fail2ban.conf
/etc/fail2ban/jail.conf
/etc/apache2/*.conf
/etc/apache2/envvars
/etc/apache2/conf-enabled/
/etc/apache2/sites-enabled/
/etc/apache2/magic
/etc/aliases
/etc/mailname
/etc/postfix/canonical
/etc/postfix/virtual
/etc/postfix/main.cf*
/etc/postfix/master.cf
/etc/postfix/*.pem
/etc/esmtprc
/etc/odbc*
/etc/ODBCDataSources/
/etc/mysql/my.cnf
/etc/mysql/conf.d/
/etc/network/interfaces
/etc/samba/smb.conf
/etc/nagios/nrpe.cfg
/etc/apt/sources.list
/etc/apt/sources.list.d/
/etc/claves/
/etc/squid3/
